<?xml version="1.0" encoding="UTF-8" ?>
<!--
    Copyright (C) 2017 Infinite Automation Systems Inc. All rights reserved.
    @author Terry Packer
    
    
    ###############################################################################
     DO NOT MODIFY THIS FILE...
     
     Do not make changes to this file, because when you upgrade your core your 
     changes will be overwritten. Instead, copy this file to
     <MA_HOME>/overrides/classes/debug-log4j2.xml and make your changes to that file.
     The overrides directory will never be overwritten by an upgrade, so your
     customizations will be safe.
 
 	To use this file for logging you must pass the -Dlog4j.configurationFile=<path-to-this-file>
 	into the JVM upon startup.
 	
    For more Information on how to use this file see: https://logging.apache.org/log4j/2.x/
    ###############################################################################
    
-->
<Configuration>
	<Appenders>
		<Console name="stdout" target="SYSTEM_OUT">
			<PatternLayout pattern="%-5p %d{ISO8601} (%C.%M:%L) - %m %n"/>
		</Console>
	</Appenders>
	<Loggers>
		<AsyncLogger includeLocation="true" name="org.directwebremoting" level="warn"/>
		<AsyncLogger includeLocation="true" name="org.springframework" level="error"/>
		<AsyncLogger includeLocation="true" name="com.serotonin.m2m2" level="debug"/>
		<AsyncLogger includeLocation="true" name="com.serotonin.m2m2.i18n" level="info"/>
		<AsyncLogger includeLocation="true" name="com.serotonin.ma" level="debug"/>
		<AsyncLogger includeLocation="true" name="com.serotonin.m2m2.persistent" level="debug"/>
		<AsyncLogger includeLocation="true" name="com.serotonin" level="warn"/>
		<AsyncLogger includeLocation="true" name="com.infiniteautomation" level="debug"/>
		<AsyncLogger includeLocation="true" name="com.serotonin.log.LogStopWatch" level="info"/>
		<AsyncLogger includeLocation="true" name="com.serotonin.modbus4j" level="info"/>
		<AsyncLogger includeLocation="true" name="org.tinytsdb" level="debug"/>
		<AsyncLogger includeLocation="true" name="com.mangofactory" level="debug"/>
		<AsyncLogger includeLocation="true" name="org.eclipse.jetty" level="info"/>
		<AsyncLogger includeLocation="true" name="org.springframework.web" level="debug"/>
		<AsyncLogger includeLocation="true" name="com.fasterxml" level="debug"/>
		<AsyncLogger includeLocation="true" name="com.infiniteautomation.brewersdashboard.rt" level="debug"/>
		<AsyncLogger includeLocation="true" name="com.serotonin.bacnet4j" level="debug"/>
		<AsyncLogger includeLocation="true" name="org.apache.logging" level="debug"/>
		<AsyncRoot includeLocation="true" level="error">
			<AppenderRef ref="stdout"/>
		</AsyncRoot>
	</Loggers>
</Configuration>